<?xml version="1.0" encoding="UTF-8"?>
<testng-results ignored="0" total="1" passed="1" failed="0" skipped="0">
  <reporter-output>
  </reporter-output>
  <suite started-at="2024-10-10T13:57:58 IST" name="Suite" finished-at="2024-10-10T13:58:20 IST" duration-ms="21668">
    <groups>
    </groups>
    <test started-at="2024-10-10T13:57:58 IST" name="Test" finished-at="2024-10-10T13:58:20 IST" duration-ms="21668">
      <class name="MavenForJenkins.UITest">
        <test-method signature="openBrowser()[pri:0, instance:MavenForJenkins.UITest@a9cd3b1]" started-at="2024-10-10T13:57:58 IST" name="openBrowser" finished-at="2024-10-10T13:58:20 IST" duration-ms="21536" status="PASS">
          <reporter-output>
          </reporter-output>
        </test-method> <!-- openBrowser -->
      </class> <!-- MavenForJenkins.UITest -->
    </test> <!-- Test -->
  </suite> <!-- Suite -->
</testng-results>
