<?xml version="1.0" encoding="UTF-8"?>
<testng-results ignored="0" total="1" passed="1" failed="0" skipped="0">
  <reporter-output>
  </reporter-output>
  <suite started-at="2024-10-10T13:07:25 IST" name="Default suite" finished-at="2024-10-10T13:07:43 IST" duration-ms="17813">
    <groups>
    </groups>
    <test started-at="2024-10-10T13:07:25 IST" name="Default test" finished-at="2024-10-10T13:07:43 IST" duration-ms="17813">
      <class name="MavenForJenkins.UITest">
        <test-method signature="openBrowser()[pri:0, instance:MavenForJenkins.UITest@74e28667]" started-at="2024-10-10T13:07:25 IST" name="openBrowser" finished-at="2024-10-10T13:07:43 IST" duration-ms="17663" status="PASS">
          <reporter-output>
          </reporter-output>
        </test-method> <!-- openBrowser -->
      </class> <!-- MavenForJenkins.UITest -->
    </test> <!-- Default test -->
  </suite> <!-- Default suite -->
</testng-results>
